<?xml version="1.0" encoding="UTF-8"?>
<!-- Generated by org.testng.reporters.JUnitXMLReporter -->
<testsuite hostname="HDC1-D-6ZBHXH2" failures="0" tests="7" name="Command line test" time="0.111" errors="0" timestamp="9 Oct 2018 04:45:41 GMT">
  <testcase classname="com.test.Test1" name="@BeforeClass setUp" time="0.0">
    <failure type="java.lang.IllegalStateException" message="The driver executable does not exist: C:\Users\kiit\eclipse-workspace\AutomationPOCs\chromedriver.exe">
      <![CDATA[java.lang.IllegalStateException: The driver executable does not exist: C:\Users\kiit\eclipse-workspace\AutomationPOCs\chromedriver.exe
	at com.google.common.base.Preconditions.checkState(Preconditions.java:585)
	at org.openqa.selenium.remote.service.DriverService.checkExecutable(DriverService.java:137)
	at org.openqa.selenium.remote.service.DriverService.findExecutable(DriverService.java:132)
	at org.openqa.selenium.chrome.ChromeDriverService.access$000(ChromeDriverService.java:35)
	at org.openqa.selenium.chrome.ChromeDriverService$Builder.findDefaultExecutable(ChromeDriverService.java:156)
	at org.openqa.selenium.remote.service.DriverService$Builder.build(DriverService.java:346)
	at org.openqa.selenium.chrome.ChromeDriverService.createDefaultService(ChromeDriverService.java:91)
	at org.openqa.selenium.chrome.ChromeDriver.<init>(ChromeDriver.java:123)
	at com.test.Test1.setUp(Test1.java:19)
... Removed 34 stack frames]]>
    </failure>
  </testcase> <!-- @BeforeClass setUp -->
  <testcase classname="com.test.Test1" name="@AfterClass tearDown" time="0.0">
    <skipped/>
  </testcase> <!-- @AfterClass tearDown -->
  <testcase classname="com.test.Test2" name="@BeforeClass setUp" time="0.0">
    <failure type="java.lang.IllegalStateException" message="The driver executable does not exist: C:\Users\kiit\eclipse-workspace\AutomationPOCs\chromedriver.exe">
      <![CDATA[java.lang.IllegalStateException: The driver executable does not exist: C:\Users\kiit\eclipse-workspace\AutomationPOCs\chromedriver.exe
	at com.google.common.base.Preconditions.checkState(Preconditions.java:585)
	at org.openqa.selenium.remote.service.DriverService.checkExecutable(DriverService.java:137)
	at org.openqa.selenium.remote.service.DriverService.findExecutable(DriverService.java:132)
	at org.openqa.selenium.chrome.ChromeDriverService.access$000(ChromeDriverService.java:35)
	at org.openqa.selenium.chrome.ChromeDriverService$Builder.findDefaultExecutable(ChromeDriverService.java:156)
	at org.openqa.selenium.remote.service.DriverService$Builder.build(DriverService.java:346)
	at org.openqa.selenium.chrome.ChromeDriverService.createDefaultService(ChromeDriverService.java:91)
	at org.openqa.selenium.chrome.ChromeDriver.<init>(ChromeDriver.java:123)
	at com.test.Test2.setUp(Test2.java:22)
... Removed 34 stack frames]]>
    </failure>
  </testcase> <!-- @BeforeClass setUp -->
  <testcase classname="com.test.Test2" name="@AfterClass tearDown" time="0.0">
    <skipped/>
  </testcase> <!-- @AfterClass tearDown -->
  <testcase classname="com.test.Test1" name="testPageTitleSample1" time="0.0">
    <skipped/>
  </testcase> <!-- testPageTitleSample1 -->
  <testcase classname="com.test.Test1" name="testSampleThree" time="0.0">
    <skipped/>
  </testcase> <!-- testSampleThree -->
  <testcase classname="com.test.Test1" name="testSampleTwo" time="0.0">
    <skipped/>
  </testcase> <!-- testSampleTwo -->
  <testcase classname="com.test.Test2" name="testPageTitleSample2" time="0.0">
    <skipped/>
  </testcase> <!-- testPageTitleSample2 -->
  <testcase classname="com.test.Test2" name="testSampleOne" time="0.0">
    <skipped/>
  </testcase> <!-- testSampleOne -->
  <testcase classname="com.test.Test2" name="testSampleThree" time="0.0">
    <skipped/>
  </testcase> <!-- testSampleThree -->
  <testcase classname="com.test.Test2" name="testSampleTwo" time="0.0">
    <skipped/>
  </testcase> <!-- testSampleTwo -->
</testsuite> <!-- Command line test -->
